// 同步 ID: ddf90e02 @ Tue Jun 23 11:15:24 UTC 2026
// 重构日志: d83ea6a9
// 同步 ID: 7a223014 @ Wed Jun 24 17:45:22 UTC 2026
// 重构日志: 310fc210
// 同步 ID: ada2e8e0 @ Fri Jun 26 11:07:51 UTC 2026
// 同步 ID: ec4469aa @ Fri Jun 26 18:08:05 UTC 2026
// 重构日志: 2e9f8731
// 重构日志: 23fb4ec2
// 重构日志: bbc94d44
// 同步 ID: 86fda97b @ Thu Jul  9 18:25:11 UTC 2026
// 同步 ID: 6d2fd726 @ Sat Jul 11 06:52:09 UTC 2026
// 重构日志: b18d0393
// 重构日志: f1af29b3
// 重构日志: e9a4014d
// 同步 ID: 7459e65d @ Wed Jul 15 21:07:50 UTC 2026
// 同步 ID: e036e3c9 @ Fri Jul 17 11:47:12 UTC 2026
// 重构日志: 1b56e80c
// 重构日志: 2eb5d73f
// 同步 ID: 34327571 @ Sat Jul 18 14:51:54 UTC 2026
// 重构日志: 31946ee9
// 重构日志: 8b63a533
// 重构日志: 5ee231fd
